<?xml version="1.0" encoding="UTF-8"?>
<!-- Generated by org.testng.reporters.JUnitReportReporter -->
<testsuite hostname="VENKATESH" failures="0" tests="1" name="POMPFproject.POMPFproject.LoginTest" time="5.199" errors="0" timestamp="2024-05-20T13:08:58 IST" skipped="0">
  <testcase classname="POMPFproject.POMPFproject.LoginTest" name="login" time="5.199"/>
  <system-out/>
</testsuite> <!-- POMPFproject.POMPFproject.LoginTest -->
